<?xml version="1.0" encoding="UTF-8"?>
<testng-results ignored="0" total="1" passed="1" failed="0" skipped="0">
  <reporter-output>
  </reporter-output>
  <suite started-at="2020-05-27T05:34:20 PDT" name="Suite" finished-at="2020-05-27T05:35:27 PDT" duration-ms="67392">
    <groups>
    </groups>
    <test started-at="2020-05-27T05:34:20 PDT" name="Test" finished-at="2020-05-27T05:35:27 PDT" duration-ms="67392">
      <class name="test.HomeTest">
        <test-method is-config="true" signature="upurl()[pri:0, instance:test.HomeTest@4fe767f3]" started-at="2020-05-27T05:34:04 PDT" name="upurl" finished-at="2020-05-27T05:34:20 PDT" duration-ms="16469" status="PASS">
          <reporter-output>
          </reporter-output>
        </test-method> <!-- upurl -->
        <test-method signature="test()[pri:0, instance:test.HomeTest@4fe767f3]" started-at="2020-05-27T05:34:20 PDT" name="test" finished-at="2020-05-27T05:35:27 PDT" duration-ms="67337" status="PASS">
          <reporter-output>
          </reporter-output>
        </test-method> <!-- test -->
        <test-method is-config="true" signature="exit()[pri:0, instance:test.HomeTest@4fe767f3]" started-at="2020-05-27T05:35:28 PDT" name="exit" finished-at="2020-05-27T05:35:28 PDT" duration-ms="0" status="PASS">
          <reporter-output>
          </reporter-output>
        </test-method> <!-- exit -->
      </class> <!-- test.HomeTest -->
    </test> <!-- Test -->
  </suite> <!-- Suite -->
</testng-results>
