<?xml version="1.0" encoding="UTF-8"?>
<testng-results ignored="0" total="1" passed="1" failed="0" skipped="0">
  <reporter-output>
  </reporter-output>
  <suite started-at="2020-05-24T09:20:54 PDT" name="Suite" finished-at="2020-05-24T09:21:53 PDT" duration-ms="59198">
    <groups>
    </groups>
    <test started-at="2020-05-24T09:20:54 PDT" name="Test" finished-at="2020-05-24T09:21:53 PDT" duration-ms="59198">
      <class name="test.LoginTest">
        <test-method is-config="true" signature="upurl()[pri:0, instance:test.LoginTest@4c1d9d4b]" started-at="2020-05-24T09:20:44 PDT" name="upurl" finished-at="2020-05-24T09:20:54 PDT" duration-ms="9095" status="PASS">
          <reporter-output>
          </reporter-output>
        </test-method> <!-- upurl -->
        <test-method signature="login(java.lang.String, java.lang.String)[pri:0, instance:test.LoginTest@4c1d9d4b]" started-at="2020-05-24T09:20:54 PDT" name="login" data-provider="dp" finished-at="2020-05-24T09:21:53 PDT" duration-ms="59023" status="PASS">
          <params>
            <param index="0">
              <value>
                <![CDATA[carol]]>
              </value>
            </param>
            <param index="1">
              <value>
                <![CDATA[1q2w3e4r]]>
              </value>
            </param>
          </params>
          <reporter-output>
          </reporter-output>
        </test-method> <!-- login -->
        <test-method is-config="true" signature="exit()[pri:0, instance:test.LoginTest@4c1d9d4b]" started-at="2020-05-24T09:21:53 PDT" name="exit" finished-at="2020-05-24T09:21:53 PDT" duration-ms="0" status="PASS">
          <reporter-output>
          </reporter-output>
        </test-method> <!-- exit -->
      </class> <!-- test.LoginTest -->
    </test> <!-- Test -->
  </suite> <!-- Suite -->
</testng-results>
