<?xml version="1.0" encoding="UTF-8"?>
<testng-results ignored="0" total="1" passed="1" failed="0" skipped="0">
  <reporter-output>
  </reporter-output>
  <suite started-at="2020-05-23T19:16:48 PDT" name="Suite" finished-at="2020-05-23T19:17:25 PDT" duration-ms="36773">
    <groups>
    </groups>
    <test started-at="2020-05-23T19:16:48 PDT" name="Test" finished-at="2020-05-23T19:17:25 PDT" duration-ms="36773">
      <class name="test.LoginTest">
        <test-method is-config="true" signature="upurl()[pri:0, instance:test.LoginTest@4c1d9d4b]" started-at="2020-05-23T19:15:04 PDT" name="upurl" finished-at="2020-05-23T19:16:48 PDT" duration-ms="104218" status="PASS">
          <reporter-output>
          </reporter-output>
        </test-method> <!-- upurl -->
        <test-method signature="test(java.lang.String, java.lang.String)[pri:0, instance:test.LoginTest@4c1d9d4b]" started-at="2020-05-23T19:16:49 PDT" name="test" data-provider="dp" finished-at="2020-05-23T19:17:25 PDT" duration-ms="36486" status="PASS">
          <params>
            <param index="0">
              <value>
                <![CDATA[vinod]]>
              </value>
            </param>
            <param index="1">
              <value>
                <![CDATA[1q2w3e4r]]>
              </value>
            </param>
          </params>
          <reporter-output>
          </reporter-output>
        </test-method> <!-- test -->
        <test-method is-config="true" signature="exit()[pri:0, instance:test.LoginTest@4c1d9d4b]" started-at="2020-05-23T19:17:25 PDT" name="exit" finished-at="2020-05-23T19:17:25 PDT" duration-ms="1" status="PASS">
          <reporter-output>
          </reporter-output>
        </test-method> <!-- exit -->
      </class> <!-- test.LoginTest -->
    </test> <!-- Test -->
  </suite> <!-- Suite -->
</testng-results>
